<?xml version="1.0" encoding="UTF-8"?>
<!-- Generated by org.testng.reporters.JUnitReportReporter -->
<testsuite hostname="DESKTOP-C3TDPIJ" name="com.actitime.UserTest.UserTest" tests="3" failures="0" timestamp="25 Jul 2018 06:52:59 GMT" time="5.540" errors="0">
  <testcase name="modifyUserTest" time="2.331" classname="com.actitime.UserTest.UserTest"/>
  <testcase name="createUserTest" time="1.345" classname="com.actitime.UserTest.UserTest"/>
  <testcase name="deleteUserTest" time="1.864" classname="com.actitime.UserTest.UserTest"/>
</testsuite> <!-- com.actitime.UserTest.UserTest -->
