<?xml version="1.0" encoding="UTF-8"?>
<!-- Generated by org.testng.reporters.JUnitReportReporter -->
<testsuite hostname="DESKTOP-C3TDPIJ" name="com.actitime.CustomerTest.CustomerDescTest" tests="1" failures="0" timestamp="25 Jul 2018 06:51:45 GMT" time="5.050" errors="0">
  <testcase name="createCustomerWithDescTest" time="5.050" classname="com.actitime.CustomerTest.CustomerDescTest"/>
</testsuite> <!-- com.actitime.CustomerTest.CustomerDescTest -->
