<?xml version="1.0" encoding="UTF-8"?>
<!-- Generated by org.testng.reporters.JUnitReportReporter -->
<testsuite hostname="DESKTOP-C3TDPIJ" name="com.actitime.CustomerTest.CustomerNameTest" tests="1" failures="0" timestamp="25 Jul 2018 06:45:23 GMT" time="7.580" errors="0">
  <testcase name="createCustomerTest" time="7.580" classname="com.actitime.CustomerTest.CustomerNameTest"/>
</testsuite> <!-- com.actitime.CustomerTest.CustomerNameTest -->
